2026-06-19 14:45:11 [INFO] worker_ingest: === Iniciando rotaþÒo de ingestÒo (spider FIFA) ===
2026-06-19 14:45:11 [INFO] worker_ingest: \u2192 Executando spider FIFA...
2026-06-19 14:45:11 [INFO] ======================================================================
2026-06-19 14:45:11 [INFO] IN═CIO DA CAPTURA #13
2026-06-19 14:45:11 [INFO] ======================================================================
--- Logging error ---
Traceback (most recent call last):
  File "C:\Users\THIAGO\AppData\Roaming\uv\python\cpython-3.12.13-windows-x86_64-none\Lib\logging\__init__.py", line 1163, in emit
    stream.write(msg + self.terminator)
  File "C:\Users\THIAGO\AppData\Roaming\uv\python\cpython-3.12.13-windows-x86_64-none\Lib\encodings\cp1252.py", line 19, in encode
    return codecs.charmap_encode(input,self.errors,encoding_table)[0]
           ^^^^^^^^^^^^^^^^^^^^^^^^^^^^^^^^^^^^^^^^^^^^^^^^^^^^^^^
UnicodeEncodeError: 'charmap' codec can't encode character '\u2192' in position 27: character maps to <undefined>
Call stack:
  File "C:\Projetos\ag_aposta\worker_ingest.py", line 156, in <module>
    main()
  File "C:\Projetos\ag_aposta\worker_ingest.py", line 152, in main
    rotina_ingestao_spider()
  File "C:\Projetos\ag_aposta\worker_ingest.py", line 46, in rotina_ingestao_spider
    fifa_spider.run_job()
  File "C:\Projetos\ag_aposta\fifa_spider.py", line 655, in run_job
    html = fetch_page_html()
  File "C:\Projetos\ag_aposta\fifa_spider.py", line 117, in fetch_page_html
    log.info("\u2192 Abrindo pßgina: %s", url)
Message: '\u2192 Abrindo pßgina: %s'
Arguments: ('https://www.fifa.com/pt/tournaments/mens/worldcup/canadamexicousa2026/scores-fixtures?country=BR&wtw-filter=ALL',)
2026-06-19 14:45:20 [INFO] Seletor encontrado: div[class*='match-row_matchRowContainer']
2026-06-19 14:45:24 [INFO] Scroll finalizado. Altura da pßgina: 17930 px
2026-06-19 14:45:26 [INFO] HTML capturado: 967474 bytes
2026-06-19 14:45:26 [INFO] Containers de partida encontrados: 104
2026-06-19 14:45:26 [INFO] Partidas parseadas com sucesso: 104
2026-06-19 14:45:26 [INFO] JSON salvo: C:\Projetos\ag_aposta\fifa_spider\captures\capture_2026-06-19_144526.json (104 partidas | 28 jogadas | 76 futuras)
2026-06-19 14:45:26 [INFO] HTML bruto salvo: C:\Projetos\ag_aposta\fifa_spider\raw_html\raw_2026-06-19_144526.html
--- Logging error ---
Traceback (most recent call last):
  File "C:\Users\THIAGO\AppData\Roaming\uv\python\cpython-3.12.13-windows-x86_64-none\Lib\logging\__init__.py", line 1163, in emit
    stream.write(msg + self.terminator)
  File "C:\Users\THIAGO\AppData\Roaming\uv\python\cpython-3.12.13-windows-x86_64-none\Lib\encodings\cp1252.py", line 19, in encode
    return codecs.charmap_encode(input,self.errors,encoding_table)[0]
           ^^^^^^^^^^^^^^^^^^^^^^^^^^^^^^^^^^^^^^^^^^^^^^^^^^^^^^^
UnicodeEncodeError: 'charmap' codec can't encode character '\u2713' in position 27: character maps to <undefined>
Call stack:
  File "C:\Projetos\ag_aposta\worker_ingest.py", line 156, in <module>
    main()
  File "C:\Projetos\ag_aposta\worker_ingest.py", line 152, in main
    rotina_ingestao_spider()
  File "C:\Projetos\ag_aposta\worker_ingest.py", line 46, in rotina_ingestao_spider
    fifa_spider.run_job()
  File "C:\Projetos\ag_aposta\fifa_spider.py", line 662, in run_job
    log_changes(changes)
  File "C:\Projetos\ag_aposta\fifa_spider.py", line 641, in log_changes
    log.info("\u2713 Nenhuma mudanþa desde a ·ltima execuþÒo")
Message: '\u2713 Nenhuma mudanþa desde a ·ltima execuþÒo'
Arguments: ()
2026-06-19 14:45:26 [INFO] Captura concluÝda em 14.9s | Arquivo: capture_2026-06-19_144526.json
2026-06-19 14:45:26 [INFO] worker_ingest: \u2713 Spider concluÝdo
2026-06-19 14:45:26 [INFO] worker_ingest: \u2192 Sincronizando captura com o banco...
2026-06-19 14:45:26 [INFO] fifa_sync: Sincronizando captura: capture_2026-06-19_144526.json
2026-06-19 14:45:26 [INFO] fifa_sync: Captura registrada com id=15
2026-06-19 14:45:27 [INFO] fifa_sync: SincronizaþÒo concluÝda em 1.31s | 104 partidas (0 novas, 104 atualizadas) | 111 c¾digos FIFA | 0 anßlises atualizadas
2026-06-19 14:45:27 [INFO] worker_ingest: \u2713 SincronizaþÒo concluÝda
2026-06-19 14:45:28 [WARNING] dotenv.main: python-dotenv could not parse statement starting at line 32
2026-06-19 14:45:28 [WARNING] dotenv.main: python-dotenv could not parse statement starting at line 35
2026-06-19 14:45:28 [INFO] worker_ingest: \u2192 Buscando odds...
2026-06-19 14:45:28 [INFO] fetcher_agent: [TheOddsAPI] Usando cache de odds (< 6h).
2026-06-19 14:45:28 [INFO] fetcher_agent: Sem match de time: USA vs Australia
2026-06-19 14:45:28 [INFO] fetcher_agent: Sem match de time: Scotland vs Morocco
2026-06-19 14:45:28 [INFO] fetcher_agent: Sem match de time: Brazil vs Haiti
2026-06-19 14:45:28 [INFO] fetcher_agent: Sem match de time: Turkey vs Paraguay
2026-06-19 14:45:28 [INFO] fetcher_agent: Sem match de time: Netherlands vs Sweden
2026-06-19 14:45:28 [INFO] fetcher_agent: Sem match de time: Germany vs Ivory Coast
2026-06-19 14:45:28 [INFO] fetcher_agent: Sem match de time: Ecuador vs Curaþao
2026-06-19 14:45:28 [INFO] fetcher_agent: Sem match de time: Tunisia vs Japan
2026-06-19 14:45:28 [INFO] fetcher_agent: Sem match de time: Spain vs Saudi Arabia
2026-06-19 14:45:28 [INFO] fetcher_agent: Sem match de time: Belgium vs Iran
2026-06-19 14:45:28 [INFO] fetcher_agent: Sem match de time: Uruguay vs Cape Verde
2026-06-19 14:45:28 [INFO] fetcher_agent: Sem match de time: New Zealand vs Egypt
2026-06-19 14:45:28 [INFO] fetcher_agent: Sem match de time: Argentina vs Austria
2026-06-19 14:45:28 [INFO] fetcher_agent: Sem match de time: France vs Iraq
2026-06-19 14:45:28 [INFO] fetcher_agent: Sem match de time: Norway vs Senegal
2026-06-19 14:45:28 [INFO] fetcher_agent: Sem match de time: Jordan vs Algeria
2026-06-19 14:45:28 [INFO] fetcher_agent: Sem match de time: Portugal vs Uzbekistan
2026-06-19 14:45:28 [INFO] fetcher_agent: Sem match de time: England vs Ghana
2026-06-19 14:45:28 [INFO] fetcher_agent: Sem match de time: Panama vs Croatia
2026-06-19 14:45:28 [INFO] fetcher_agent: Sem match de time: Colombia vs DR Congo
2026-06-19 14:45:28 [INFO] fetcher_agent: Sem match de time: Bosnia & Herzegovina vs Qatar
2026-06-19 14:45:28 [INFO] fetcher_agent: Sem match de time: Switzerland vs Canada
2026-06-19 14:45:28 [INFO] fetcher_agent: Sem match de time: Scotland vs Brazil
2026-06-19 14:45:28 [INFO] fetcher_agent: Sem match de time: Morocco vs Haiti
2026-06-19 14:45:28 [INFO] fetcher_agent: Sem match de time: Czech Republic vs Mexico
2026-06-19 14:45:28 [INFO] fetcher_agent: Sem match de time: South Africa vs South Korea
2026-06-19 14:45:28 [INFO] fetcher_agent: Sem match de time: Curaþao vs Ivory Coast
2026-06-19 14:45:28 [INFO] fetcher_agent: Sem match de time: Ecuador vs Germany
2026-06-19 14:45:28 [INFO] fetcher_agent: Sem match de time: Japan vs Sweden
2026-06-19 14:45:28 [INFO] fetcher_agent: Sem match de time: Tunisia vs Netherlands
2026-06-19 14:45:28 [INFO] fetcher_agent: Sem match de time: Paraguay vs Australia
2026-06-19 14:45:28 [INFO] fetcher_agent: Sem match de time: Turkey vs USA
2026-06-19 14:45:28 [INFO] fetcher_agent: Sem match de time: Norway vs France
2026-06-19 14:45:28 [INFO] fetcher_agent: Processando casa: coolbet
2026-06-19 14:45:28 [INFO] fetcher_agent: Processando casa: gtbets
2026-06-19 14:45:28 [INFO] fetcher_agent: Processando casa: tipico_de
2026-06-19 14:45:28 [INFO] fetcher_agent: Processando casa: winamax_fr
2026-06-19 14:45:28 [INFO] fetcher_agent: Processando casa: winamax_de
2026-06-19 14:45:28 [INFO] fetcher_agent: Processando casa: unibet_fr
2026-06-19 14:45:28 [INFO] fetcher_agent: Processando casa: pinnacle
2026-06-19 14:45:28 [INFO] fetcher_agent: Processando casa: betonlineag
2026-06-19 14:45:28 [INFO] fetcher_agent: Processando casa: unibet_nl
2026-06-19 14:45:28 [INFO] fetcher_agent: Processando casa: leovegas_se
2026-06-19 14:45:28 [INFO] fetcher_agent: Processando casa: unibet_se
2026-06-19 14:45:28 [INFO] fetcher_agent: Processando casa: mybookieag
2026-06-19 14:45:28 [INFO] fetcher_agent: Processando casa: everygame
2026-06-19 14:45:28 [INFO] fetcher_agent: Processando casa: williamhill
2026-06-19 14:45:28 [INFO] fetcher_agent: Processando casa: sport888
2026-06-19 14:45:28 [INFO] fetcher_agent: Processando casa: betclic_fr
2026-06-19 14:45:28 [INFO] fetcher_agent: Processando casa: pmu_fr
2026-06-19 14:45:28 [INFO] fetcher_agent: Processando casa: betfair_ex_eu
2026-06-19 14:45:28 [INFO] fetcher_agent: Processando casa: betanysports
2026-06-19 14:45:28 [INFO] fetcher_agent: Sem match de time: Cape Verde vs Saudi Arabia
2026-06-19 14:45:28 [INFO] fetcher_agent: Sem match de time: Uruguay vs Spain
2026-06-19 14:45:28 [INFO] fetcher_agent: Sem match de time: New Zealand vs Belgium
2026-06-19 14:45:28 [INFO] fetcher_agent: Sem match de time: Egypt vs Iran
2026-06-19 14:45:28 [INFO] fetcher_agent: Sem match de time: Croatia vs Ghana
2026-06-19 14:45:28 [INFO] fetcher_agent: Sem match de time: Panama vs England
2026-06-19 14:45:28 [INFO] fetcher_agent: Sem match de time: Colombia vs Portugal
2026-06-19 14:45:28 [INFO] fetcher_agent: Sem match de time: DR Congo vs Uzbekistan
2026-06-19 14:45:28 [INFO] fetcher_agent: Sem match de time: Algeria vs Austria
2026-06-19 14:45:28 [INFO] fetcher_agent: Sem match de time: Jordan vs Argentina
2026-06-19 14:45:28 [INFO] fetcher_agent: Odds: 19 salvas, 43 sem match, 0 erros.
2026-06-19 14:45:28 [INFO] worker_ingest: \u2713 IngestÒo de odds concluÝda: 19 salvas
2026-06-19 14:45:28 [INFO] worker_ingest: === RotaþÒo concluÝda em 17.0s ===
